[debug] [2022-03-08T23:19:12.697Z] ----------------------------------------------------------------------
[debug] [2022-03-08T23:19:12.699Z] Command:       C:\Program Files\nodejs\node.exe C:\Users\ancar\AppData\Roaming\npm\node_modules\firebase-tools\lib\bin\firebase.js init
[debug] [2022-03-08T23:19:12.699Z] CLI Version:   10.1.0
[debug] [2022-03-08T23:19:12.700Z] Platform:      win32
[debug] [2022-03-08T23:19:12.700Z] Node Version:  v14.17.5
[debug] [2022-03-08T23:19:12.700Z] Time:          Tue Mar 08 2022 20:19:12 GMT-0300 (hora de verano de Chile)
[debug] [2022-03-08T23:19:12.700Z] ----------------------------------------------------------------------
[debug] 
[debug] [2022-03-08T23:19:12.752Z] > command requires scopes: ["email","openid","https://www.googleapis.com/auth/cloudplatformprojects.readonly","https://www.googleapis.com/auth/firebase","https://www.googleapis.com/auth/cloud-platform"]
[debug] [2022-03-08T23:19:12.752Z] > authorizing via signed-in user (ancarami19@gmail.com)
[info] 
     ######## #### ########  ######## ########     ###     ######  ########
     ##        ##  ##     ## ##       ##     ##  ##   ##  ##       ##
     ######    ##  ########  ######   ########  #########  ######  ######
     ##        ##  ##    ##  ##       ##     ## ##     ##       ## ##
     ##       #### ##     ## ######## ########  ##     ##  ######  ########

You're about to initialize a Firebase project in this directory:

  D:\Desarrollo Web\Laboratoria\Talent Fest Marzo 2022\desafio_falabella

Before we get started, keep in mind:

  * You are initializing within an existing Firebase project directory

